# JRE version: OpenJDK Runtime Environment Temurin-17.0.6+10 (17.0.6+10) (build 17.0.6+10)
# Java VM: OpenJDK 64-Bit Server VM Temurin-17.0.6+10 (17.0.6+10, mixed mode, sharing, tiered, compressed oops, compressed class ptrs, g1 gc, windows-amd64)
GC Precious Log:
 CPUs: 8 total, 8 available
 Memory: 8103M
 Large Page Support: Disabled
 NUMA Support: Disabled
 Compressed Oops: Enabled (32-bit)
 Heap Region Size: 1M
 Heap Min Capacity: 8M
 Heap Initial Capacity: 128M
 Heap Max Capacity: 512M
 Pre-touch: Disabled
 Parallel Workers: 8
 Concurrent Workers: 2
 Concurrent Refinement Workers: 8
 Periodic GC: Disabled
Heap:
 garbage-first heap   total 108544K, used 72986K [0x00000000e0000000, 0x0000000100000000)
  region size 1024K, 49 young (50176K), 1 survivors (1024K)
 Metaspace       used 26609K, committed 27328K, reserved 1073152K
  class space    used 3699K, committed 4032K, reserved 1048576K
GC Heap History (20 events):
Event: 366.220 GC heap before
{Heap before GC invocations=30 (full 0):
 garbage-first heap   total 108544K, used 94508K [0x00000000e0000000, 0x0000000100000000)
  region size 1024K, 63 young (64512K), 1 survivors (1024K)
 Metaspace       used 25689K, committed 26304K, reserved 1073152K
  class space    used 3667K, committed 3968K, reserved 1048576K
}
Event: 366.221 GC heap after
{Heap after GC invocations=31 (full 0):
 garbage-first heap   total 108544K, used 26925K [0x00000000e0000000, 0x0000000100000000)
  region size 1024K, 1 young (1024K), 1 survivors (1024K)
 Metaspace       used 25689K, committed 26304K, reserved 1073152K
  class space    used 3667K, committed 3968K, reserved 1048576K
}
Event: 367.994 GC heap before
{Heap before GC invocations=31 (full 0):
 garbage-first heap   total 108544K, used 94509K [0x00000000e0000000, 0x0000000100000000)
  region size 1024K, 63 young (64512K), 1 survivors (1024K)
 Metaspace       used 25694K, committed 26304K, reserved 1073152K
  class space    used 3667K, committed 3968K, reserved 1048576K
}
Event: 367.994 GC heap after
{Heap after GC invocations=32 (full 0):
 garbage-first heap   total 108544K, used 26920K [0x00000000e0000000, 0x0000000100000000)
  region size 1024K, 1 young (1024K), 1 survivors (1024K)
 Metaspace       used 25694K, committed 26304K, reserved 1073152K
  class space    used 3667K, committed 3968K, reserved 1048576K
}
Event: 371.392 GC heap before
{Heap before GC invocations=32 (full 0):
 garbage-first heap   total 108544K, used 94504K [0x00000000e0000000, 0x0000000100000000)
  region size 1024K, 63 young (64512K), 1 survivors (1024K)
 Metaspace       used 25697K, committed 26304K, reserved 1073152K
  class space    used 3667K, committed 3968K, reserved 1048576K
}
Event: 371.393 GC heap after
{Heap after GC invocations=33 (full 0):
 garbage-first heap   total 108544K, used 26919K [0x00000000e0000000, 0x0000000100000000)
  region size 1024K, 1 young (1024K), 1 survivors (1024K)
 Metaspace       used 25697K, committed 26304K, reserved 1073152K
  class space    used 3667K, committed 3968K, reserved 1048576K
}
Event: 383.235 GC heap before
{Heap before GC invocations=33 (full 0):
 garbage-first heap   total 108544K, used 91431K [0x00000000e0000000, 0x0000000100000000)
  region size 1024K, 63 young (64512K), 1 survivors (1024K)
 Metaspace       used 25961K, committed 26560K, reserved 1073152K
  class space    used 3667K, committed 3968K, reserved 1048576K
}
Event: 383.236 GC heap after
{Heap after GC invocations=34 (full 0):
 garbage-first heap   total 108544K, used 26925K [0x00000000e0000000, 0x0000000100000000)
  region size 1024K, 1 young (1024K), 1 survivors (1024K)
 Metaspace       used 25961K, committed 26560K, reserved 1073152K
  class space    used 3667K, committed 3968K, reserved 1048576K
}
Event: 404.625 GC heap before
{Heap before GC invocations=34 (full 0):
 garbage-first heap   total 108544K, used 94509K [0x00000000e0000000, 0x0000000100000000)
  region size 1024K, 63 young (64512K), 1 survivors (1024K)
 Metaspace       used 25974K, committed 26624K, reserved 1073152K
  class space    used 3668K, committed 3968K, reserved 1048576K
}
Event: 404.625 GC heap after
{Heap after GC invocations=35 (full 0):
 garbage-first heap   total 108544K, used 26932K [0x00000000e0000000, 0x0000000100000000)
  region size 1024K, 1 young (1024K), 1 survivors (1024K)
 Metaspace       used 25974K, committed 26624K, reserved 1073152K
  class space    used 3668K, committed 3968K, reserved 1048576K
}
Event: 406.439 GC heap before
{Heap before GC invocations=35 (full 0):
 garbage-first heap   total 108544K, used 94516K [0x00000000e0000000, 0x0000000100000000)
  region size 1024K, 63 young (64512K), 1 survivors (1024K)
 Metaspace       used 25976K, committed 26624K, reserved 1073152K
  class space    used 3668K, committed 3968K, reserved 1048576K
}
Event: 406.439 GC heap after
{Heap after GC invocations=36 (full 0):
 garbage-first heap   total 108544K, used 26935K [0x00000000e0000000, 0x0000000100000000)
  region size 1024K, 1 young (1024K), 1 survivors (1024K)
 Metaspace       used 25976K, committed 26624K, reserved 1073152K
  class space    used 3668K, committed 3968K, reserved 1048576K
}
Event: 406.847 GC heap before
{Heap before GC invocations=36 (full 0):
 garbage-first heap   total 108544K, used 94519K [0x00000000e0000000, 0x0000000100000000)
  region size 1024K, 63 young (64512K), 1 survivors (1024K)
 Metaspace       used 25982K, committed 26688K, reserved 1073152K
  class space    used 3668K, committed 3968K, reserved 1048576K
}
Event: 406.847 GC heap after
{Heap after GC invocations=37 (full 0):
 garbage-first heap   total 108544K, used 26933K [0x00000000e0000000, 0x0000000100000000)
  region size 1024K, 1 young (1024K), 1 survivors (1024K)
 Metaspace       used 25982K, committed 26688K, reserved 1073152K
  class space    used 3668K, committed 3968K, reserved 1048576K
}
Event: 407.190 GC heap before
{Heap before GC invocations=37 (full 0):
 garbage-first heap   total 108544K, used 94517K [0x00000000e0000000, 0x0000000100000000)
  region size 1024K, 63 young (64512K), 1 survivors (1024K)
 Metaspace       used 25983K, committed 26688K, reserved 1073152K
  class space    used 3668K, committed 3968K, reserved 1048576K
}
Event: 407.190 GC heap after
{Heap after GC invocations=38 (full 0):
 garbage-first heap   total 108544K, used 26952K [0x00000000e0000000, 0x0000000100000000)
  region size 1024K, 1 young (1024K), 1 survivors (1024K)
 Metaspace       used 25983K, committed 26688K, reserved 1073152K
  class space    used 3668K, committed 3968K, reserved 1048576K
}
Event: 410.036 GC heap before
{Heap before GC invocations=38 (full 0):
 garbage-first heap   total 108544K, used 94536K [0x00000000e0000000, 0x0000000100000000)
  region size 1024K, 63 young (64512K), 1 survivors (1024K)
 Metaspace       used 26100K, committed 26752K, reserved 1073152K
  class space    used 3668K, committed 3968K, reserved 1048576K
}
Event: 410.037 GC heap after
{Heap after GC invocations=39 (full 0):
 garbage-first heap   total 108544K, used 26941K [0x00000000e0000000, 0x0000000100000000)
  region size 1024K, 1 young (1024K), 1 survivors (1024K)
 Metaspace       used 26100K, committed 26752K, reserved 1073152K
  class space    used 3668K, committed 3968K, reserved 1048576K
}
Event: 413.961 GC heap before
{Heap before GC invocations=39 (full 0):
 garbage-first heap   total 108544K, used 92477K [0x00000000e0000000, 0x0000000100000000)
  region size 1024K, 63 young (64512K), 1 survivors (1024K)
 Metaspace       used 26132K, committed 26752K, reserved 1073152K
  class space    used 3668K, committed 3968K, reserved 1048576K
}
Event: 413.962 GC heap after
{Heap after GC invocations=40 (full 0):
 garbage-first heap   total 108544K, used 24858K [0x00000000e0000000, 0x0000000100000000)
  region size 1024K, 1 young (1024K), 1 survivors (1024K)
 Metaspace       used 26132K, committed 26752K, reserved 1073152K
  class space    used 3668K, committed 3968K, reserved 1048576K
}

